<?xml version="1.0" encoding="UTF-8"?>
<testng-results skipped="0" failed="0" ignored="0" total="1" passed="1">
  <reporter-output>
  </reporter-output>
  <suite name="Surefire suite" duration-ms="30049" started-at="2020-01-17T10:33:52 CET" finished-at="2020-01-17T10:34:22 CET">
    <groups>
    </groups>
    <test name="Surefire test" duration-ms="30049" started-at="2020-01-17T10:33:52 CET" finished-at="2020-01-17T10:34:22 CET">
      <class name="tests.Test">
        <test-method status="PASS" signature="beforeTest()[pri:0, instance:tests.Test@534df152]" name="beforeTest" is-config="true" duration-ms="7472" started-at="2020-01-17T10:33:52 CET" finished-at="2020-01-17T10:33:59 CET">
          <reporter-output>
          </reporter-output>
        </test-method> <!-- beforeTest -->
        <test-method status="PASS" signature="asUserShouldBeAbleToSendAndReceiveAnEmail()[pri:0, instance:tests.Test@534df152]" name="asUserShouldBeAbleToSendAndReceiveAnEmail" duration-ms="21499" started-at="2020-01-17T10:33:59 CET" finished-at="2020-01-17T10:34:21 CET">
          <reporter-output>
          </reporter-output>
        </test-method> <!-- asUserShouldBeAbleToSendAndReceiveAnEmail -->
        <test-method status="PASS" signature="afterTest()[pri:0, instance:tests.Test@534df152]" name="afterTest" is-config="true" duration-ms="864" started-at="2020-01-17T10:34:21 CET" finished-at="2020-01-17T10:34:22 CET">
          <reporter-output>
          </reporter-output>
        </test-method> <!-- afterTest -->
      </class> <!-- tests.Test -->
    </test> <!-- Surefire test -->
  </suite> <!-- Surefire suite -->
</testng-results>
