<?xml version="1.0" encoding="UTF-8"?>
<testng-results skipped="0" failed="0" ignored="0" total="1" passed="1">
  <reporter-output>
  </reporter-output>
  <suite name="Surefire suite" duration-ms="18622" started-at="2020-01-09T11:06:38 CET" finished-at="2020-01-09T11:06:57 CET">
    <groups>
    </groups>
    <test name="Surefire test" duration-ms="18622" started-at="2020-01-09T11:06:38 CET" finished-at="2020-01-09T11:06:57 CET">
      <class name="tests.Test">
        <test-method status="PASS" signature="beforeTest()[pri:0, instance:tests.Test@45f45fa1]" name="beforeTest" is-config="true" duration-ms="7751" started-at="2020-01-09T11:06:38 CET" finished-at="2020-01-09T11:06:46 CET">
          <reporter-output>
          </reporter-output>
        </test-method> <!-- beforeTest -->
        <test-method status="PASS" signature="asUserShouldBeAbleToSendAndReceiveAnEmail()[pri:0, instance:tests.Test@45f45fa1]" name="asUserShouldBeAbleToSendAndReceiveAnEmail" duration-ms="7767" started-at="2020-01-09T11:06:46 CET" finished-at="2020-01-09T11:06:54 CET">
          <reporter-output>
          </reporter-output>
        </test-method> <!-- asUserShouldBeAbleToSendAndReceiveAnEmail -->
        <test-method status="PASS" signature="afterTest()[pri:0, instance:tests.Test@45f45fa1]" name="afterTest" is-config="true" duration-ms="2955" started-at="2020-01-09T11:06:54 CET" finished-at="2020-01-09T11:06:57 CET">
          <reporter-output>
          </reporter-output>
        </test-method> <!-- afterTest -->
      </class> <!-- tests.Test -->
    </test> <!-- Surefire test -->
  </suite> <!-- Surefire suite -->
</testng-results>
